<?xml version="1.0" encoding="UTF-8"?>
<!-- Generated by org.testng.reporters.JUnitReportReporter -->
<testsuite hostname="Umesh2850" failures="0" tests="1" name="com.crm.qa.testcases.CalenderPageTest" time="14.508" errors="0" timestamp="2021-09-10T01:15:20 IST" skipped="0">
  <testcase classname="com.crm.qa.testcases.CalenderPageTest" name="validateCalenderTest" time="14.508"/>
  <system-out/>
</testsuite> <!-- com.crm.qa.testcases.CalenderPageTest -->
