<?xml version="1.0" encoding="UTF-8"?>
<!-- Generated by org.testng.reporters.JUnitReportReporter -->
<testsuite hostname="Umesh2850" failures="0" tests="1" name="com.crm.qa.testcases.TaskPageTest" time="13.459" errors="0" timestamp="2021-09-04T00:47:15 IST" skipped="0">
  <testcase classname="com.crm.qa.testcases.TaskPageTest" name="validateDealsPageTitleTest" time="13.459"/>
  <system-out/>
</testsuite> <!-- com.crm.qa.testcases.TaskPageTest -->
