<?xml version="1.0" encoding="UTF-8"?>
<!-- Generated by org.testng.reporters.JUnitReportReporter -->
<testsuite hostname="Umesh2850" failures="0" tests="1" name="com.crm.qa.testcases.CompaniesPageTest" time="14.786" errors="0" timestamp="2021-09-04T00:47:15 IST" skipped="0">
  <testcase classname="com.crm.qa.testcases.CompaniesPageTest" name="validateCompaniesPageTitleTest" time="14.786"/>
  <system-out/>
</testsuite> <!-- com.crm.qa.testcases.CompaniesPageTest -->
