<?xml version="1.0" encoding="UTF-8"?>
<!-- Generated by org.testng.reporters.JUnitReportReporter -->
<testsuite hostname="Umesh2850" failures="0" tests="1" name="com.crm.qa.testcases.TaskPageTest" time="19.648" errors="0" timestamp="2021-09-11T01:51:26 IST" skipped="0">
  <testcase classname="com.crm.qa.testcases.TaskPageTest" name="validateDealsPageTitleTest" time="19.648"/>
  <system-out/>
</testsuite> <!-- com.crm.qa.testcases.TaskPageTest -->
