<?xml version="1.0" encoding="UTF-8"?>
<!-- Generated by org.testng.reporters.JUnitReportReporter -->
<testsuite hostname="Umesh2850" failures="0" tests="6" name="com.crm.qa.testcases.HomePageTest" time="95.255" errors="0" timestamp="2021-09-11T01:51:26 IST" skipped="0">
  <testcase classname="com.crm.qa.testcases.HomePageTest" name="validateLoggedInUserNameTest" time="15.446"/>
  <system-out/>
  <testcase classname="com.crm.qa.testcases.HomePageTest" name="validateContactPageLinkTest" time="15.838"/>
  <system-out/>
  <testcase classname="com.crm.qa.testcases.HomePageTest" name="validateDealsPageLinkTest" time="15.386"/>
  <system-out/>
  <testcase classname="com.crm.qa.testcases.HomePageTest" name="validateCompaniesPageLinkTest" time="15.373"/>
  <system-out/>
  <testcase classname="com.crm.qa.testcases.HomePageTest" name="validateTaskPageLinkTest" time="15.565"/>
  <system-out/>
  <testcase classname="com.crm.qa.testcases.HomePageTest" name="validateCasesPageLinkTest" time="17.647"/>
  <system-out/>
</testsuite> <!-- com.crm.qa.testcases.HomePageTest -->
